8456
12089
10721
14000
15573
7000
9594
14743
13924
11823
5496
-1
4151
10494
-1
6199
7720
6065
5911
5360
10144
7497
13293
14079
10458
5247
8169
16023
13262
7096
5622
15588
6631
7794
5762
13411
7786
10114
16357
1315
11640
-1
5913
7371
15061
7190
6044
11008
7530
7498
5504
15541
-1
6646
5057
5248
-1
-1
-1
-1
13676
6435
-1
8178
7613
5229
7382
-1
8011
-1
-1
-1
-1
7770
6838
-1
-1
-1
13584
13411
4849
3835
15136
9557
11346
12097
11281
4914
9171
8468
9912
4662
3632
6847
6408
5622
16147
11108
5849
16004
9566
6713
8888
3412
7706
10082
5093
9374
15296
14844
4585
12110
12585
8389
12520
8707
12832
4474
4150
5726
1927
7087
8692
14905
11157
9270
12776
13315
5840
8598
8277
13739
12439
11806
14120
9746
3543
12530
10664
14455
5763
10202
13040
8621
10406
5554
8264
3586
2104
11185
4783
5903
4255
15098
12804
14978
15369
10614
10737
10317
8519
8300
11911
6292
4138
15629
13454
13718
6587
15047
7515
14485
12804
7444
14871
14413
9793
7199
13208
16327
9047
7797
14709
13552
6221
5955
3722
11517
14182
6274
8434
15444
15333
11201
11041
14204
12943
12752
13313
9551
5203
7684
15511
7856
13468
5101
14614
12458
10818
5911
7452
13610
11595
12608
6657
7549
8017
8944
7489
10036
10309
4684
10418
11847
5209
7501
12945
7227
3924
9392
15516
16361
16194
10058
8618
5315
9275
13575
6239
15976
3764
4132
14103
8031
8431
7722
